#
# An unexpected error has been detected by Java Runtime Environment:
#
#  EXCEPTION_ACCESS_VIOLATION (0xc0000005) at pc=0x7a29f0fd, pid=2684, tid=4976
#
# Java VM: Java HotSpot(TM) Client VM (11.2-b01 mixed mode windows-x86)
# Problematic frame:
# C  [mcr.dll+0x2f0fd]
#
# If you would like to submit a bug report, please visit:
#   http://java.sun.com/webapps/bugreport/crash.jsp
# The crash happened outside the Java Virtual Machine in native code.
# See problematic frame for where to report the bug.
#

---------------  T H R E A D  ---------------

Current thread (0x05140400):  JavaThread "main" [_thread_in_native, id=4976, stack(0x00440000,0x00c40000)]

siginfo: ExceptionCode=0xc0000005, reading address 0x00000030

Registers:
EAX=0x00000000, EBX=0x00000000, ECX=0x00c3ee40, EDX=0x7c91e514
ESP=0x00c3ee34, EBP=0x00c3ee4c, ESI=0x00c3f390, EDI=0x00000000
EIP=0x7a29f0fd, EFLAGS=0x00010202

Top of Stack: (sp=0x00c3ee34)
0x00c3ee34:   00000000 00000000 00000000 00c3f3bc
0x00c3ee44:   7a2aa45b ffffffff 00c3ee5c 7a2714c8
0x00c3ee54:   00000001 023e4f78 00c3f3c8 7a2a412c
0x00c3ee64:   023e4f78 00000001 7bbe579d 00000000
0x00c3ee74:   00000000 7c925b58 00c3eec0 00c3f060
0x00c3ee84:   00000001 7c925bbd ffffffff 7c98e214
0x00c3ee94:   7c9201db 00000000 00c3f2b4 00c3f058
0x00c3eea4:   00000000 00c3f060 00000000 00c3f050 

Instructions: (pc=0x7a29f0fd)
0x7a29f0ed:   8b 0d b8 5b 2c 7a e8 e8 a2 fd ff a1 28 5d 2c 7a
0x7a29f0fd:   8b 4f 30 3b c8 8b d8 75 06 80 7f 2d 00 75 65 85 


Stack: [0x00440000,0x00c40000],  sp=0x00c3ee34,  free space=8187k
Native frames: (J=compiled Java code, j=interpreted, Vv=VM code, C=native code)
C  [mcr.dll+0x2f0fd]
C  [mcr.dll+0x14c8]
C  [mcr.dll+0x3412c]
C  [mcr.dll+0x3453e]
C  [m_dispatcher.dll+0x780c]
C  [m_dispatcher.dll+0x7691]
C  [m_dispatcher.dll+0x4b02]
C  [m_dispatcher.dll+0x780c]
C  [m_dispatcher.dll+0x7691]
C  [m_interpreter.dll+0xa44c4]
C  [m_interpreter.dll+0x9ecc8]
C  [m_interpreter.dll+0xbf264]
C  [nativejmi.dll+0x2dd2]
C  [nativejmi.dll+0x3b15]
C  [nativejmi.dll+0x391a]
C  [nativejmi.dll+0x7cad]
C  [nativejmi.dll+0x7d73]
j  com.mathworks.jmi.NativeMatlab.SendMatlabMessage(Ljava/lang/Object;)Ljava/lang/Object;+0
j  com.mathworks.jmi.NativeMatlab.sendMatlabMessage(Ljava/lang/Object;)Ljava/lang/Object;+22
j  com.mathworks.jmi.MatlabLooper.sendMatlabMessage(Lcom/mathworks/services/message/MWMessage;)Ljava/lang/Object;+20
j  com.mathworks.jmi.Matlab.mtFevalConsoleOutput(Ljava/lang/String;[Ljava/lang/Object;I)Ljava/lang/Object;+58
j  com.mathworks.mde.desk.MLDesktop$9.run()V+14
j  com.mathworks.jmi.NativeMatlab.dispatchMTRequests(Z)V+50
v  ~StubRoutines::call_stub

Java frames: (J=compiled Java code, j=interpreted, Vv=VM code)
j  com.mathworks.jmi.NativeMatlab.SendMatlabMessage(Ljava/lang/Object;)Ljava/lang/Object;+0
j  com.mathworks.jmi.NativeMatlab.sendMatlabMessage(Ljava/lang/Object;)Ljava/lang/Object;+22
j  com.mathworks.jmi.MatlabLooper.sendMatlabMessage(Lcom/mathworks/services/message/MWMessage;)Ljava/lang/Object;+20
j  com.mathworks.jmi.Matlab.mtFevalConsoleOutput(Ljava/lang/String;[Ljava/lang/Object;I)Ljava/lang/Object;+58
j  com.mathworks.mde.desk.MLDesktop$9.run()V+14
j  com.mathworks.jmi.NativeMatlab.dispatchMTRequests(Z)V+50
v  ~StubRoutines::call_stub

---------------  P R O C E S S  ---------------

Java Threads: ( => current thread )
  0x15aca800 JavaThread "Timer-11" daemon [_thread_blocked, id=3048, stack(0x18060000,0x180e0000)]
  0x152b1800 JavaThread "Timer-1" [_thread_blocked, id=3068, stack(0x16510000,0x16590000)]
  0x158c0800 JavaThread "TimerQueue" daemon [_thread_blocked, id=2284, stack(0x16450000,0x164d0000)]
  0x158ce800 JavaThread "AWT-EventQueue-0" [_thread_blocked, id=1016, stack(0x163c0000,0x16440000)]
  0x158cbc00 JavaThread "Image Fetcher 3" daemon [_thread_blocked, id=3640, stack(0x16330000,0x163b0000)]
  0x15762800 JavaThread "AWT-Shutdown" [_thread_blocked, id=4364, stack(0x162b0000,0x16330000)]
  0x1570e400 JavaThread "Image Fetcher 2" daemon [_thread_blocked, id=2812, stack(0x15dc0000,0x15e40000)]
  0x14e42400 JavaThread "Timer-0" [_thread_blocked, id=5016, stack(0x15140000,0x151c0000)]
  0x14dbc400 JavaThread "AWT-Windows" daemon [_thread_in_native, id=5232, stack(0x150a0000,0x15120000)]
  0x14de1800 JavaThread "Java2D Disposer" daemon [_thread_blocked, id=1084, stack(0x14fa0000,0x15020000)]
  0x14dbe000 JavaThread "JMI Unnamed Thread" [_thread_in_native, id=4848, stack(0x02eb0000,0x036b0000)]
  0x051dc800 JavaThread "Low Memory Detector" daemon [_thread_blocked, id=4396, stack(0x14520000,0x145a0000)]
  0x051d9c00 JavaThread "CompilerThread0" daemon [_thread_blocked, id=6040, stack(0x13d20000,0x14520000)]
  0x051d5400 JavaThread "Attach Listener" daemon [_thread_blocked, id=1868, stack(0x13ca0000,0x13d20000)]
  0x051c5400 JavaThread "Finalizer" daemon [_thread_blocked, id=4056, stack(0x13c20000,0x13ca0000)]
  0x051c0800 JavaThread "Reference Handler" daemon [_thread_blocked, id=1240, stack(0x13ba0000,0x13c20000)]
=>0x05140400 JavaThread "main" [_thread_in_native, id=4976, stack(0x00440000,0x00c40000)]

Other Threads:
  0x051bbc00 VMThread [stack: 0x133a0000,0x13ba0000] [id=5568]
  0x051e8400 WatcherThread [stack: 0x145a0000,0x14da0000] [id=4544]

VM state:not at safepoint (normal execution)

VM Mutex/Monitor currently owned by a thread: None

Heap
 def new generation   total 14784K, used 8818K [0x072c0000, 0x082c0000, 0x092c0000)
  eden space 13184K,  54% used [0x072c0000, 0x079ccab8, 0x07fa0000)
  from space 1600K, 100% used [0x08130000, 0x082c0000, 0x082c0000)
  to   space 1600K,   0% used [0x07fa0000, 0x07fa0000, 0x08130000)
 tenured generation   total 49152K, used 15913K [0x092c0000, 0x0c2c0000, 0x0f2c0000)
   the space 49152K,  32% used [0x092c0000, 0x0a24a520, 0x0a24a600, 0x0c2c0000)
 compacting perm gen  total 32768K, used 22996K [0x0f2c0000, 0x112c0000, 0x132c0000)
   the space 32768K,  70% used [0x0f2c0000, 0x109351b0, 0x10935200, 0x112c0000)
No shared spaces configured.

Dynamic libraries:
0x00400000 - 0x00433000 	C:\Archivos de programa\MATLAB\R2009b\bin\win32\matlab.exe
0x7c910000 - 0x7c9c8000 	C:\WINDOWS\system32\ntdll.dll
0x7c800000 - 0x7c903000 	C:\WINDOWS\system32\kernel32.dll
0x7bae0000 - 0x7bb89000 	C:\Archivos de programa\MATLAB\R2009b\bin\win32\libut.dll
0x76c50000 - 0x76c78000 	C:\WINDOWS\system32\imagehlp.dll
0x77da0000 - 0x77e4c000 	C:\WINDOWS\system32\ADVAPI32.dll
0x77e50000 - 0x77ee3000 	C:\WINDOWS\system32\RPCRT4.dll
0x77fc0000 - 0x77fd1000 	C:\WINDOWS\system32\Secur32.dll
0x77be0000 - 0x77c38000 	C:\WINDOWS\system32\msvcrt.dll
0x76bb0000 - 0x76bbb000 	C:\WINDOWS\system32\PSAPI.DLL
0x7c1c0000 - 0x7c1df000 	C:\Archivos de programa\MATLAB\R2009b\bin\win32\LIBEXPAT.dll
0x78130000 - 0x781cb000 	C:\WINDOWS\WinSxS\x86_Microsoft.VC80.CRT_1fc8b3b9a1e18e3b_8.0.50727.4053_x-ww_e6967989\MSVCR80.dll
0x7bf40000 - 0x7c028000 	C:\Archivos de programa\MATLAB\R2009b\bin\win32\icuuc40.dll
0x7b5e0000 - 0x7b5e4000 	C:\Archivos de programa\MATLAB\R2009b\bin\win32\icudt40.dll
0x7b5f0000 - 0x7b5fc000 	C:\Archivos de programa\MATLAB\R2009b\bin\win32\icuio40.dll
0x7b830000 - 0x7b928000 	C:\Archivos de programa\MATLAB\R2009b\bin\win32\icuin40.dll
0x7c420000 - 0x7c4a7000 	C:\WINDOWS\WinSxS\x86_Microsoft.VC80.CRT_1fc8b3b9a1e18e3b_8.0.50727.4053_x-ww_e6967989\MSVCP80.dll
0x7e390000 - 0x7e421000 	C:\WINDOWS\system32\USER32.dll
0x77ef0000 - 0x77f39000 	C:\WINDOWS\system32\GDI32.dll
0x786f0000 - 0x78728000 	C:\Archivos de programa\MATLAB\R2009b\bin\win32\libmwfl.dll
0x7d390000 - 0x7d39e000 	C:\Archivos de programa\MATLAB\R2009b\bin\win32\boost_date_time-vc80-mt-1_36.dll
0x7d280000 - 0x7d290000 	C:\Archivos de programa\MATLAB\R2009b\bin\win32\boost_signals-vc80-mt-1_36.dll
0x7c710000 - 0x7c717000 	C:\Archivos de programa\MATLAB\R2009b\bin\win32\boost_system-vc80-mt-1_36.dll
0x7b5d0000 - 0x7b5dc000 	C:\Archivos de programa\MATLAB\R2009b\bin\win32\boost_thread-vc80-mt-1_36.dll
0x7bc10000 - 0x7be19000 	C:\Archivos de programa\MATLAB\R2009b\bin\win32\libmwservices.dll
0x7bb90000 - 0x7bc0b000 	C:\Archivos de programa\MATLAB\R2009b\bin\win32\libmx.dll
0x78bc0000 - 0x78bd3000 	C:\Archivos de programa\MATLAB\R2009b\bin\win32\zlib1.dll
0x7be20000 - 0x7bf34000 	C:\Archivos de programa\MATLAB\R2009b\bin\win32\libmwmathutil.dll
0x79cf0000 - 0x79d25000 	C:\Archivos de programa\MATLAB\R2009b\bin\win32\mpath.dll
0x7c2c0000 - 0x7c2f0000 	C:\Archivos de programa\MATLAB\R2009b\bin\win32\mlutil.dll
0x786a0000 - 0x786ce000 	C:\Archivos de programa\MATLAB\R2009b\bin\win32\tbb.dll
0x58c30000 - 0x58cca000 	C:\WINDOWS\system32\COMCTL32.dll
0x76360000 - 0x763aa000 	C:\WINDOWS\system32\comdlg32.dll
0x7e6a0000 - 0x7eec1000 	C:\WINDOWS\system32\SHELL32.dll
0x77f40000 - 0x77fb6000 	C:\WINDOWS\system32\SHLWAPI.dll
0x597f0000 - 0x59845000 	C:\WINDOWS\system32\NETAPI32.dll
0x71a30000 - 0x71a47000 	C:\WINDOWS\system32\WS2_32.dll
0x71a20000 - 0x71a28000 	C:\WINDOWS\system32\WS2HELP.dll
0x7d560000 - 0x7d576000 	C:\Archivos de programa\MATLAB\R2009b\bin\win32\boost_filesystem-vc80-mt-1_36.dll
0x7a270000 - 0x7a2d0000 	C:\Archivos de programa\MATLAB\R2009b\bin\win32\mcr.dll
0x7b600000 - 0x7b64f000 	C:\Archivos de programa\MATLAB\R2009b\bin\win32\iqm.dll
0x7a850000 - 0x7ad3b000 	C:\Archivos de programa\MATLAB\R2009b\bin\win32\m_interpreter.dll
0x7b660000 - 0x7b66c000 	C:\Archivos de programa\MATLAB\R2009b\bin\win32\libmex.dll
0x7a140000 - 0x7a1a4000 	C:\Archivos de programa\MATLAB\R2009b\bin\win32\m_dispatcher.dll
0x7d1e0000 - 0x7d23e000 	C:\Archivos de programa\MATLAB\R2009b\bin\win32\xmlcore.dll
0x79600000 - 0x797c2000 	C:\Archivos de programa\MATLAB\R2009b\bin\win32\xerces-c_2_7.dll
0x7d4b0000 - 0x7d54d000 	C:\Archivos de programa\MATLAB\R2009b\bin\win32\boost_regex-vc80-mt-1_36.dll
0x7a050000 - 0x7a0a7000 	C:\Archivos de programa\MATLAB\R2009b\bin\win32\profiler.dll
0x7b6c0000 - 0x7b6de000 	C:\Archivos de programa\MATLAB\R2009b\bin\win32\libmwmathrng.dll
0x78b40000 - 0x78b52000 	C:\Archivos de programa\MATLAB\R2009b\bin\win32\m_pcodeio.dll
0x79cb0000 - 0x79ce7000 	C:\Archivos de programa\MATLAB\R2009b\bin\win32\m_ir.dll
0x7a350000 - 0x7a843000 	C:\Archivos de programa\MATLAB\R2009b\bin\win32\m_parser.dll
0x7b650000 - 0x7b65e000 	C:\Archivos de programa\MATLAB\R2009b\bin\win32\ir_xfmr.dll
0x78730000 - 0x78891000 	C:\Archivos de programa\MATLAB\R2009b\bin\win32\mcos.dll
0x7b6f0000 - 0x7b6fa000 	C:\Archivos de programa\MATLAB\R2009b\bin\win32\mtok.dll
0x78b20000 - 0x78b36000 	C:\Archivos de programa\MATLAB\R2009b\bin\win32\m_pcodegen.dll
0x78a90000 - 0x78aac000 	C:\Archivos de programa\MATLAB\R2009b\bin\win32\bridge.dll
0x7b2c0000 - 0x7b344000 	C:\Archivos de programa\MATLAB\R2009b\bin\win32\udd.dll
0x7c030000 - 0x7c128000 	C:\Archivos de programa\MATLAB\R2009b\bin\win32\libmwgui.dll
0x78c20000 - 0x79034000 	C:\Archivos de programa\MATLAB\R2009b\bin\win32\hg.dll
0x78ab0000 - 0x78ad7000 	C:\Archivos de programa\MATLAB\R2009b\bin\win32\libmat.dll
0x7b930000 - 0x7bad5000 	C:\Archivos de programa\MATLAB\R2009b\bin\win32\libhdf5.dll
0x79c20000 - 0x79c61000 	C:\Archivos de programa\MATLAB\R2009b\bin\win32\jmi.dll
0x79920000 - 0x7994c000 	C:\Archivos de programa\MATLAB\R2009b\bin\win32\libmwhardcopy.dll
0x79c70000 - 0x79ca9000 	C:\Archivos de programa\MATLAB\R2009b\bin\win32\libuij.dll
0x785d0000 - 0x7869f000 	C:\Archivos de programa\MATLAB\R2009b\bin\win32\hgdatatypes.dll
0x785a0000 - 0x785d0000 	C:\Archivos de programa\MATLAB\R2009b\bin\win32\hgutils.dll
0x78ae0000 - 0x78b11000 	C:\Archivos de programa\MATLAB\R2009b\bin\win32\libmwlapack.dll
0x7b680000 - 0x7b68e000 	C:\Archivos de programa\MATLAB\R2009b\bin\win32\libmwbinder.dll
0x7b350000 - 0x7b5c4000 	C:\Archivos de programa\MATLAB\R2009b\bin\win32\uiw.dll
0x7b730000 - 0x7b739000 	C:\Archivos de programa\MATLAB\R2009b\bin\win32\uinone.dll
0x781d0000 - 0x782df000 	C:\WINDOWS\WinSxS\x86_Microsoft.VC80.MFC_1fc8b3b9a1e18e3b_8.0.50727.762_x-ww_3bf8fa05\MFC80.DLL
0x72f80000 - 0x72fa6000 	C:\WINDOWS\system32\WINSPOOL.DRV
0x774b0000 - 0x775ee000 	C:\WINDOWS\system32\ole32.dll
0x770f0000 - 0x7717b000 	C:\WINDOWS\system32\OLEAUT32.dll
0x7a2d0000 - 0x7a346000 	C:\Archivos de programa\MATLAB\R2009b\bin\win32\udd_mi.dll
0x78b60000 - 0x78b73000 	C:\Archivos de programa\MATLAB\R2009b\bin\win32\mwoles05.DLL
0x7a000000 - 0x7a045000 	C:\Archivos de programa\MATLAB\R2009b\bin\win32\comcli.dll
0x7c630000 - 0x7c64b000 	C:\WINDOWS\WinSxS\x86_Microsoft.VC80.ATL_1fc8b3b9a1e18e3b_8.0.50727.4053_x-ww_473666fd\ATL80.DLL
0x7b6e0000 - 0x7b6eb000 	C:\Archivos de programa\MATLAB\R2009b\bin\win32\mlautoregister.dll
0x76340000 - 0x7635d000 	C:\WINDOWS\system32\IMM32.DLL
0x773a0000 - 0x774a3000 	C:\WINDOWS\WinSxS\x86_Microsoft.Windows.Common-Controls_6595b64144ccf1df_6.0.2600.6028_x-ww_61e65202\comctl32.dll
0x5b150000 - 0x5b188000 	C:\WINDOWS\system32\uxtheme.dll
0x746b0000 - 0x746fc000 	C:\WINDOWS\system32\MSCTF.dll
0x77b10000 - 0x77b32000 	C:\WINDOWS\system32\apphelp.dll
0x75160000 - 0x7518e000 	C:\WINDOWS\system32\msctfime.ime
0x76d20000 - 0x76d39000 	C:\WINDOWS\system32\iphlpapi.dll
0x74210000 - 0x74214000 	C:\WINDOWS\system32\icmp.Dll
0x799c0000 - 0x79c16000 	C:\Archivos de programa\MATLAB\R2009b\sys\java\jre\win32\jre\bin\client\jvm.dll
0x76b00000 - 0x76b2e000 	C:\WINDOWS\system32\WINMM.dll
0x7c1e0000 - 0x7c236000 	C:\Archivos de programa\MATLAB\R2009b\bin\win32\MSVCR71.dll
0x5d4b0000 - 0x5d551000 	C:\WINDOWS\system32\DBGHELP.dll
0x77bd0000 - 0x77bd8000 	C:\WINDOWS\system32\VERSION.dll
0x7a100000 - 0x7a108000 	C:\Archivos de programa\MATLAB\R2009b\sys\java\jre\win32\jre\bin\hpi.dll
0x7a120000 - 0x7a12c000 	C:\Archivos de programa\MATLAB\R2009b\sys\java\jre\win32\jre\bin\verify.dll
0x78be0000 - 0x78bff000 	C:\Archivos de programa\MATLAB\R2009b\sys\java\jre\win32\jre\bin\java.dll
0x7a130000 - 0x7a13f000 	C:\Archivos de programa\MATLAB\R2009b\sys\java\jre\win32\jre\bin\zip.dll
0x797d0000 - 0x7991a000 	C:\Archivos de programa\MATLAB\R2009b\sys\java\jre\win32\jre\bin\awt.dll
0x78b80000 - 0x78b98000 	C:\Archivos de programa\MATLAB\R2009b\bin\win32\nativejava.dll
0x78ba0000 - 0x78bbf000 	C:\Archivos de programa\MATLAB\R2009b\bin\win32\nativejmi.dll
0x7b720000 - 0x7b726000 	C:\Archivos de programa\MATLAB\R2009b\bin\win32\nativeservices.dll
0x7a1b0000 - 0x7a204000 	C:\Archivos de programa\MATLAB\R2009b\sys\java\jre\win32\jre\bin\fontmanager.dll
0x78c00000 - 0x78c13000 	C:\Archivos de programa\MATLAB\R2009b\sys\java\jre\win32\jre\bin\net.dll
0x7a110000 - 0x7a119000 	C:\Archivos de programa\MATLAB\R2009b\sys\java\jre\win32\jre\bin\nio.dll
0x68000000 - 0x68036000 	C:\WINDOWS\system32\rsaenh.dll
0x76630000 - 0x766e5000 	C:\WINDOWS\system32\USERENV.dll
0x719d0000 - 0x71a10000 	C:\WINDOWS\System32\mswsock.dll
0x76ee0000 - 0x76f07000 	C:\WINDOWS\system32\DNSAPI.dll
0x76f70000 - 0x76f78000 	C:\WINDOWS\System32\winrnr.dll
0x76f20000 - 0x76f4d000 	C:\WINDOWS\system32\WLDAP32.dll
0x76f80000 - 0x76f86000 	C:\WINDOWS\system32\rasadhlp.dll
0x78300000 - 0x78308000 	C:\Archivos de programa\MATLAB\R2009b\bin\win32\nativelmgr.dll
0x164d0000 - 0x164f4000 	C:\Archivos de programa\MATLAB\R2009b\sys\java\jre\win32\jre\bin\jpeg.dll
0x78310000 - 0x784a1000 	C:\Archivos de programa\MATLAB\R2009b\bin\win32\instutil.dll
0x76f90000 - 0x7700f000 	C:\WINDOWS\system32\CLBCATQ.DLL
0x77010000 - 0x770e0000 	C:\WINDOWS\system32\COMRes.dll
0x16660000 - 0x16682000 	C:\Documents and Settings\Gonzalo\Datos de programa\Dropbox\bin\DropboxExt.19.dll
0x16690000 - 0x1671e000 	C:\WINDOWS\WinSxS\x86_Microsoft.VC90.CRT_1fc8b3b9a1e18e3b_9.0.30729.4148_x-ww_d495ac4e\MSVCP90.dll
0x16720000 - 0x167c3000 	C:\WINDOWS\WinSxS\x86_Microsoft.VC90.CRT_1fc8b3b9a1e18e3b_9.0.30729.4148_x-ww_d495ac4e\MSVCR90.dll
0x49460000 - 0x49866000 	C:\ARCHIV~1\MICROS~3\Office14\GROOVEEX.DLL
0x167f0000 - 0x1681b000 	C:\WINDOWS\WinSxS\x86_Microsoft.VC90.ATL_1fc8b3b9a1e18e3b_9.0.30729.4148_x-ww_353599c2\ATL90.DLL
0x171e0000 - 0x175fa000 	C:\ARCHIV~1\ARCHIV~1\MICROS~1\OFFICE14\Cultures\office.odf
0x17630000 - 0x17eb0000 	C:\ARCHIV~1\MICROS~3\Office14\3082\GrooveIntlResource.dll
0x778f0000 - 0x779e7000 	C:\WINDOWS\system32\SETUPAPI.dll
0x7b700000 - 0x7b70a000 	C:\Archivos de programa\MATLAB\R2009b\bin\win32\nativecmdwin.dll
0x7b710000 - 0x7b717000 	C:\Archivos de programa\MATLAB\R2009b\bin\win32\nativelex.dll
0x17f80000 - 0x1804a000 	C:\WINDOWS\System32\spool\DRIVERS\W32X86\3\lxebptpc.dll
0x18d70000 - 0x18d9d000 	C:\WINDOWS\System32\spool\DRIVERS\W32X86\3\lxebdrui.dll

VM Arguments:
jvm_args: -Xss512k -XX:PermSize=32m -Xms64m -XX:NewRatio=3 -XX:MaxPermSize=64m -Xmx128m -XX:MaxDirectMemorySize=1200000000 -Dsun.java2d.noddraw=true -Dsun.awt.nopixfmt=true -Xshare:off -Xrs -Djava.library.path=C:\Archivos de programa\MATLAB\R2009b\bin\win32 vfprintf abort 
java_command: <unknown>
Launcher Type: generic

Environment Variables:
PATH=C:\WINDOWS\system32;C:\WINDOWS;C:\WINDOWS\system32\WBEM;C:\Archivos de programa\MATLAB\R2009b\runtime\win32;C:\Archivos de programa\MATLAB\R2009b\bin
USERNAME=Gonzalo
OS=Windows_NT
PROCESSOR_IDENTIFIER=x86 Family 6 Model 23 Stepping 6, GenuineIntel



---------------  S Y S T E M  ---------------

OS: Windows XP Build 2600 Service Pack 3

CPU:total 2 (2 cores per cpu, 1 threads per core) family 6 model 7 stepping 6, cmov, cx8, fxsr, mmx, sse, sse2, sse3, ssse3

Memory: 4k page, physical 3007580k(1846564k free), swap 4194303k(3863612k free)

vm_info: Java HotSpot(TM) Client VM (11.2-b01) for windows-x86 JRE (1.6.0_12-b04), built on Jan 17 2009 09:57:14 by "java_re" with MS VC++ 7.1

time: Sat Oct 05 11:17:18 2013
elapsed time: 21 seconds

